<?xml version="1.0" encoding="UTF-8"?>
<!-- Generated by org.testng.reporters.JUnitXMLReporter -->
<testsuite hostname="BIG-BOSS" ignored="0" name="Surefire test" tests="3" failures="0" timestamp="10 abr 2019 03:28:42 GMT" time="104.846" errors="0">
  <testcase name="CP001" time="19.687" classname="tests.Tests_Automatizados"/>
  <testcase name="CP002" time="19.137" classname="tests.Tests_Automatizados"/>
  <testcase name="CP003" time="26.294" classname="tests.Tests_Automatizados"/>
</testsuite> <!-- Surefire test -->
