<?xml version="1.0" encoding="UTF-8"?>
<testng-results skipped="0" failed="0" ignored="0" total="3" passed="3">
  <reporter-output>
  </reporter-output>
  <suite name="Surefire suite" duration-ms="104846" started-at="2019-04-10T03:26:57Z" finished-at="2019-04-10T03:28:42Z">
    <groups>
    </groups>
    <test name="Surefire test" duration-ms="104846" started-at="2019-04-10T03:26:57Z" finished-at="2019-04-10T03:28:42Z">
      <class name="tests.Tests_Automatizados">
        <test-method status="PASS" signature="setUp()[pri:0, instance:tests.Tests_Automatizados@2133c8f8]" name="setUp" is-config="true" duration-ms="12871" started-at="2019-04-10T03:26:57Z" finished-at="2019-04-10T03:27:10Z">
          <reporter-output>
          </reporter-output>
        </test-method> <!-- setUp -->
        <test-method status="PASS" signature="CP001()[pri:0, instance:tests.Tests_Automatizados@2133c8f8]" name="CP001" duration-ms="19687" started-at="2019-04-10T03:27:10Z" finished-at="2019-04-10T03:27:29Z">
          <reporter-output>
          </reporter-output>
        </test-method> <!-- CP001 -->
        <test-method status="PASS" signature="tearDown()[pri:0, instance:tests.Tests_Automatizados@2133c8f8]" name="tearDown" is-config="true" duration-ms="724" started-at="2019-04-10T03:27:29Z" finished-at="2019-04-10T03:27:30Z">
          <reporter-output>
          </reporter-output>
        </test-method> <!-- tearDown -->
        <test-method status="PASS" signature="setUp()[pri:0, instance:tests.Tests_Automatizados@2133c8f8]" name="setUp" is-config="true" duration-ms="12431" started-at="2019-04-10T03:27:30Z" finished-at="2019-04-10T03:27:42Z">
          <reporter-output>
          </reporter-output>
        </test-method> <!-- setUp -->
        <test-method status="PASS" signature="CP002()[pri:0, instance:tests.Tests_Automatizados@2133c8f8]" name="CP002" duration-ms="19137" started-at="2019-04-10T03:27:42Z" finished-at="2019-04-10T03:28:02Z">
          <reporter-output>
          </reporter-output>
        </test-method> <!-- CP002 -->
        <test-method status="PASS" signature="tearDown()[pri:0, instance:tests.Tests_Automatizados@2133c8f8]" name="tearDown" is-config="true" duration-ms="748" started-at="2019-04-10T03:28:02Z" finished-at="2019-04-10T03:28:02Z">
          <reporter-output>
          </reporter-output>
        </test-method> <!-- tearDown -->
        <test-method status="PASS" signature="setUp()[pri:0, instance:tests.Tests_Automatizados@2133c8f8]" name="setUp" is-config="true" duration-ms="12262" started-at="2019-04-10T03:28:02Z" finished-at="2019-04-10T03:28:15Z">
          <reporter-output>
          </reporter-output>
        </test-method> <!-- setUp -->
        <test-method status="PASS" signature="CP003()[pri:0, instance:tests.Tests_Automatizados@2133c8f8]" name="CP003" duration-ms="26294" started-at="2019-04-10T03:28:15Z" finished-at="2019-04-10T03:28:41Z">
          <reporter-output>
          </reporter-output>
        </test-method> <!-- CP003 -->
        <test-method status="PASS" signature="tearDown()[pri:0, instance:tests.Tests_Automatizados@2133c8f8]" name="tearDown" is-config="true" duration-ms="675" started-at="2019-04-10T03:28:41Z" finished-at="2019-04-10T03:28:42Z">
          <reporter-output>
          </reporter-output>
        </test-method> <!-- tearDown -->
      </class> <!-- tests.Tests_Automatizados -->
    </test> <!-- Surefire test -->
  </suite> <!-- Surefire suite -->
</testng-results>
